<?xml version="1.0" encoding="UTF-8"?>
<!-- Generated by org.testng.reporters.JUnitReportReporter -->
<testsuite skipped="0" hostname="DESKTOP-NMGB7R5" name="com.jungle.testcases.LandingPageTest" tests="8" failures="0" timestamp="2022-04-25T03:06:42 GST" time="51.334" errors="0">
  <testcase name="validatePageTitleTest" time="5.961" classname="com.jungle.testcases.LandingPageTest"/>
  <system-out/>
  <testcase name="validateSignUpLinkIsPresentTest" time="7.134" classname="com.jungle.testcases.LandingPageTest"/>
  <system-out/>
  <testcase name="validateLogoTest" time="4.660" classname="com.jungle.testcases.LandingPageTest"/>
  <system-out/>
  <testcase name="validateLandingPageUrlTest" time="4.498" classname="com.jungle.testcases.LandingPageTest"/>
  <system-out/>
  <testcase name="doSunscribeTest" time="10.399" classname="com.jungle.testcases.LandingPageTest"/>
  <system-out/>
  <testcase name="landingPageContentVerificationTest" time="4.785" classname="com.jungle.testcases.LandingPageTest"/>
  <system-out/>
  <testcase name="validateConnectWalletButtonTest" time="5.023" classname="com.jungle.testcases.LandingPageTest"/>
  <system-out/>
  <testcase name="doSunscribeTest" time="8.874" classname="com.jungle.testcases.LandingPageTest"/>
  <system-out/>
</testsuite> <!-- com.jungle.testcases.LandingPageTest -->
