<?xml version="1.0" encoding="UTF-8"?>
<!-- Generated by org.testng.reporters.JUnitReportReporter -->
<testsuite skipped="0" hostname="DESKTOP-NMGB7R5" name="com.jungle.testcases.HowItWorksPageTest" tests="3" failures="0" timestamp="2022-04-25T02:49:23 GST" time="14.834" errors="0">
  <testcase name="validateHowItWorkPageUrlTest" time="4.835" classname="com.jungle.testcases.HowItWorksPageTest"/>
  <system-out/>
  <testcase name="validateSubHeadingTextTest" time="4.931" classname="com.jungle.testcases.HowItWorksPageTest"/>
  <system-out/>
  <testcase name="validateHowItWorkeadingTextTest" time="5.068" classname="com.jungle.testcases.HowItWorksPageTest"/>
  <system-out/>
</testsuite> <!-- com.jungle.testcases.HowItWorksPageTest -->
