<?xml version="1.0" encoding="UTF-8"?>
<!-- Generated by org.testng.reporters.JUnitReportReporter -->
<testsuite skipped="0" hostname="DESKTOP-NMGB7R5" name="com.jungle.testcases.ResourcesPageTest" tests="4" failures="0" timestamp="2022-04-25T02:49:23 GST" time="31.821" errors="0">
  <testcase name="FAQsContentVerificationTest" time="8.659" classname="com.jungle.testcases.ResourcesPageTest"/>
  <system-out/>
  <testcase name="validateResourceSubHeadingTextFAQsTest" time="7.539" classname="com.jungle.testcases.ResourcesPageTest"/>
  <system-out/>
  <testcase name="validateResourceHeadingTextFAQsTest" time="7.940" classname="com.jungle.testcases.ResourcesPageTest"/>
  <system-out/>
  <testcase name="validateResoucePageUrlTest" time="7.683" classname="com.jungle.testcases.ResourcesPageTest"/>
  <system-out/>
</testsuite> <!-- com.jungle.testcases.ResourcesPageTest -->
