<?xml version="1.0" encoding="UTF-8"?>
<!-- Generated by org.testng.reporters.JUnitReportReporter -->
<testsuite skipped="0" hostname="DESKTOP-NMGB7R5" name="com.jungle.testcases.ExplorePageTest" tests="2" failures="0" timestamp="2022-04-25T03:45:38 GST" time="12.097" errors="0">
  <testcase name="validateExplorePageTextTest" time="4.765" classname="com.jungle.testcases.ExplorePageTest"/>
  <system-out/>
  <testcase name="validateExplorePageUrlTest" time="7.332" classname="com.jungle.testcases.ExplorePageTest"/>
  <system-out/>
</testsuite> <!-- com.jungle.testcases.ExplorePageTest -->
