<?xml version="1.0" encoding="UTF-8"?>
<!-- Generated by org.testng.reporters.JUnitReportReporter -->
<testsuite skipped="0" hostname="DESKTOP-NMGB7R5" name="com.jungle.testcases.MarketPageTest" tests="3" failures="0" timestamp="2022-04-25T02:49:23 GST" time="15.342" errors="0">
  <testcase name="validateMarketPageUrlTest" time="4.892" classname="com.jungle.testcases.MarketPageTest"/>
  <system-out/>
  <testcase name="validateExplorePageTextTest" time="4.989" classname="com.jungle.testcases.MarketPageTest"/>
  <system-out/>
  <testcase name="validateMarketSubCategoryTest" time="5.461" classname="com.jungle.testcases.MarketPageTest"/>
  <system-out/>
</testsuite> <!-- com.jungle.testcases.MarketPageTest -->
